#-----------------------------------------------------------
# Vivado v2024.2 (64-bit)
# SW Build 5239630 on Fri Nov 08 22:35:27 MST 2024
# IP Build 5239520 on Sun Nov 10 16:12:51 MST 2024
# SharedData Build 5239561 on Fri Nov 08 14:39:27 MST 2024
# Start of session at: Sat Feb 22 10:30:26 2025
# Process ID         : 23616
# Current directory  : C:/Users/bhati/OneDrive/Desktop/Vivado/Traffic_light_controller
# Command line       : vivado.exe -gui_launcher_event rodinguilauncherevent21316 C:\Users\bhati\OneDrive\Desktop\Vivado\Traffic_light_controller\Traffic_light_controller.xpr
# Log file           : C:/Users/bhati/OneDrive/Desktop/Vivado/Traffic_light_controller/vivado.log
# Journal file       : C:/Users/bhati/OneDrive/Desktop/Vivado/Traffic_light_controller\vivado.jou
# Running On         : Jyotsna
# Platform           : Windows Server 2016 or Windows 10
# Operating System   : 22631
# Processor Detail   : 12th Gen Intel(R) Core(TM) i5-12450H
# CPU Frequency      : 2496 MHz
# CPU Physical cores : 8
# CPU Logical cores  : 12
# Host memory        : 16802 MB
# Swap memory        : 2550 MB
# Total Virtual      : 19353 MB
# Available Virtual  : 8234 MB
#-----------------------------------------------------------
start_gui
open_project C:/Users/bhati/OneDrive/Desktop/Vivado/Traffic_light_controller/Traffic_light_controller.xpr
INFO: [filemgmt 56-3] Default IP Output Path : Could not find the directory 'C:/Users/bhati/OneDrive/Desktop/Vivado/Traffic_light_controller/Traffic_light_controller.gen/sources_1'.
Scanning sources...
Finished scanning sources
INFO: [IP_Flow 19-234] Refreshing IP repositories
INFO: [IP_Flow 19-1704] No user IP repositories specified
INFO: [IP_Flow 19-2313] Loaded Vivado IP repository 'C:/Vivado/Vivado/2024.2/data/ip'.
update_compile_order -fileset sources_1
exit
INFO: [Common 17-206] Exiting Vivado at Sat Feb 22 10:31:44 2025...
