#-----------------------------------------------------------
# Vivado v2024.2 (64-bit)
# SW Build 5239630 on Fri Nov 08 22:35:27 MST 2024
# IP Build 5239520 on Sun Nov 10 16:12:51 MST 2024
# SharedData Build 5239561 on Fri Nov 08 14:39:27 MST 2024
# Start of session at: Sat Feb 22 10:40:05 2025
# Process ID         : 6744
# Current directory  : C:/Users/bhati/OneDrive/Desktop/Vivado/Traffic_light_controller
# Command line       : vivado.exe -gui_launcher_event rodinguilauncherevent9316 C:\Users\bhati\OneDrive\Desktop\Vivado\Traffic_light_controller\Traffic_light_controller.xpr
# Log file           : C:/Users/bhati/OneDrive/Desktop/Vivado/Traffic_light_controller/vivado.log
# Journal file       : C:/Users/bhati/OneDrive/Desktop/Vivado/Traffic_light_controller\vivado.jou
# Running On         : Jyotsna
# Platform           : Windows Server 2016 or Windows 10
# Operating System   : 22631
# Processor Detail   : 12th Gen Intel(R) Core(TM) i5-12450H
# CPU Frequency      : 2496 MHz
# CPU Physical cores : 8
# CPU Logical cores  : 12
# Host memory        : 16802 MB
# Swap memory        : 2550 MB
# Total Virtual      : 19353 MB
# Available Virtual  : 8034 MB
#-----------------------------------------------------------
start_gui
open_project C:/Users/bhati/OneDrive/Desktop/Vivado/Traffic_light_controller/Traffic_light_controller.xpr
INFO: [filemgmt 56-3] Default IP Output Path : Could not find the directory 'C:/Users/bhati/OneDrive/Desktop/Vivado/Traffic_light_controller/Traffic_light_controller.gen/sources_1'.
Scanning sources...
Finished scanning sources
INFO: [IP_Flow 19-234] Refreshing IP repositories
INFO: [IP_Flow 19-1704] No user IP repositories specified
INFO: [IP_Flow 19-2313] Loaded Vivado IP repository 'C:/Vivado/Vivado/2024.2/data/ip'.
update_compile_order -fileset sources_1
launch_simulation
ERROR: [Common 17-1293] The path 'C:/Users/bhati/OneDrive/Desktop/Vivado/Traffic_light_controller/Traffic_light_controller.cache/wt' already exists, is a directory, but is not writable.
launch_simulation
Command: launch_simulation 
INFO: [Vivado 12-12493] Simulation top is 'tb_trafficlight'
WARNING: [Vivado 12-13340] Unable to auto find GCC executables from simulator install path! (path not set)
INFO: [Vivado 12-5682] Launching behavioral simulation in 'C:/Users/bhati/OneDrive/Desktop/Vivado/Traffic_light_controller/Traffic_light_controller.sim/sim_1/behav/xsim'
INFO: [SIM-utils-51] Simulation object is 'sim_1'
INFO: [SIM-utils-72] Using boost library from 'C:/Vivado/Vivado/2024.2/tps/boost_1_72_0'
INFO: [SIM-utils-54] Inspecting design source files for 'tb_trafficlight' in fileset 'sim_1'...
INFO: [USF-XSim-97] Finding global include files...
INFO: [USF-XSim-98] Fetching design files from 'sim_1'...
INFO: [USF-XSim-2] XSim::Compile design
INFO: [USF-XSim-61] Executing 'COMPILE and ANALYZE' step in 'C:/Users/bhati/OneDrive/Desktop/Vivado/Traffic_light_controller/Traffic_light_controller.sim/sim_1/behav/xsim'
"xvlog --incr --relax -prj tb_trafficlight_vlog.prj"
INFO: [VRFC 10-2263] Analyzing Verilog file "C:/Users/bhati/OneDrive/Desktop/Vivado/trafficlight_controller.v" into library xil_defaultlib
INFO: [VRFC 10-311] analyzing module trafficlight_controller
INFO: [VRFC 10-2263] Analyzing Verilog file "C:/Users/bhati/OneDrive/Desktop/Vivado/tb_trafficlight.v" into library xil_defaultlib
INFO: [VRFC 10-311] analyzing module tb_trafficlight
INFO: [VRFC 10-2263] Analyzing Verilog file "C:/Users/bhati/OneDrive/Desktop/Vivado/Traffic_light_controller/Traffic_light_controller.sim/sim_1/behav/xsim/glbl.v" into library xil_defaultlib
INFO: [VRFC 10-311] analyzing module glbl
INFO: [USF-XSim-69] 'compile' step finished in '3' seconds
INFO: [USF-XSim-3] XSim::Elaborate design
INFO: [USF-XSim-61] Executing 'ELABORATE' step in 'C:/Users/bhati/OneDrive/Desktop/Vivado/Traffic_light_controller/Traffic_light_controller.sim/sim_1/behav/xsim'
"xelab --incr --debug typical --relax --mt 2 -L xil_defaultlib -L unisims_ver -L unimacro_ver -L secureip --snapshot tb_trafficlight_behav xil_defaultlib.tb_trafficlight xil_defaultlib.glbl -log elaborate.log"
Vivado Simulator v2024.2.0
Copyright 1986-2022 Xilinx, Inc. All Rights Reserved.
Copyright 2022-2024 Advanced Micro Devices, Inc. All Rights Reserved.
Running: C:/Vivado/Vivado/2024.2/bin/unwrapped/win64.o/xelab.exe --incr --debug typical --relax --mt 2 -L xil_defaultlib -L unisims_ver -L unimacro_ver -L secureip --snapshot tb_trafficlight_behav xil_defaultlib.tb_trafficlight xil_defaultlib.glbl -log elaborate.log 
Using 2 slave threads.
Starting static elaboration
Pass Through NonSizing Optimizer
Completed static elaboration
Starting simulation data flow analysis
Completed simulation data flow analysis
Time Resolution for simulation is 1ps
Compiling module xil_defaultlib.trafficlight_controller
Compiling module xil_defaultlib.tb_trafficlight
WARNING: [XSIM 43-3368] "C:/Users/bhati/OneDrive/Desktop/Vivado/tb_trafficlight.v" Line 43. Negative delay (-1863462912000.000000) treated as 0.
Compiling module xil_defaultlib.glbl
Built simulation snapshot tb_trafficlight_behav
INFO: [USF-XSim-69] 'elaborate' step finished in '4' seconds
INFO: [USF-XSim-4] XSim::Simulate design
INFO: [USF-XSim-61] Executing 'SIMULATE' step in 'C:/Users/bhati/OneDrive/Desktop/Vivado/Traffic_light_controller/Traffic_light_controller.sim/sim_1/behav/xsim'
INFO: [USF-XSim-98] *** Running xsim
   with args "tb_trafficlight_behav -key {Behavioral:sim_1:Functional:tb_trafficlight} -tclbatch {tb_trafficlight.tcl} -log {simulate.log}"
INFO: [USF-XSim-8] Loading simulator feature
Time resolution is 1 ps
source tb_trafficlight.tcl
# set curr_wave [current_wave_config]
# if { [string length $curr_wave] == 0 } {
#   if { [llength [get_objects]] > 0} {
#     add_wave /
#     set_property needs_save false [current_wave_config]
#   } else {
#      send_msg_id Add_Wave-1 WARNING "No top level signals found. Simulator will start without a wave window. If you want to open a wave window go to 'File->New Waveform Configuration' or type 'create_wave_config' in the TCL console."
#   }
# }
# run 1000ns
INFO: [USF-XSim-96] XSim completed. Design snapshot 'tb_trafficlight_behav' loaded.
INFO: [USF-XSim-97] XSim simulation ran for 1000ns
launch_simulation: Time (s): cpu = 00:00:01 ; elapsed = 00:00:12 . Memory (MB): peak = 1210.512 ; gain = 22.762
close_sim
INFO: [Simtcl 6-16] Simulation closed
exit
INFO: [Common 17-206] Exiting Vivado at Sat Feb 22 10:47:47 2025...
