#-----------------------------------------------------------
# Vivado v2024.2 (64-bit)
# SW Build 5239630 on Fri Nov 08 22:35:27 MST 2024
# IP Build 5239520 on Sun Nov 10 16:12:51 MST 2024
# SharedData Build 5239561 on Fri Nov 08 14:39:27 MST 2024
# Start of session at: Sat Jul 19 21:59:11 2025
# Process ID         : 7980
# Current directory  : C:/Vivado_projects/Vivado/Traffic_light_controller
# Command line       : vivado.exe -gui_launcher_event rodinguilauncherevent23920 C:\Vivado_projects\Vivado\Traffic_light_controller\Traffic_light_controller.xpr
# Log file           : C:/Vivado_projects/Vivado/Traffic_light_controller/vivado.log
# Journal file       : C:/Vivado_projects/Vivado/Traffic_light_controller\vivado.jou
# Running On         : Jyotsna
# Platform           : Windows Server 2016 or Windows 10
# Operating System   : 26100
# Processor Detail   : 12th Gen Intel(R) Core(TM) i5-12450H
# CPU Frequency      : 2496 MHz
# CPU Physical cores : 8
# CPU Logical cores  : 12
# Host memory        : 16802 MB
# Swap memory        : 1073 MB
# Total Virtual      : 17876 MB
# Available Virtual  : 4912 MB
#-----------------------------------------------------------
sstart_guiopen_project C:/Vivado_projects/Vivado/Traffic_light_controller/Traffic_light_controller.xpr
IINFO: [Project 1-313] Project file moved from 'C:/Users/bhati/OneDrive/Desktop/Vivado/Traffic_light_controller' since last save.IINFO: [filemgmt 56-3] Default IP Output Path : Could not find the directory 'C:/Vivado_projects/Vivado/Traffic_light_controller/Traffic_light_controller.gen/sources_1'.Scanning sources...
Finished scanning sources
IINFO: [IP_Flow 19-234] Refreshing IP repositories
INFO: [IP_Flow 19-1704] No user IP repositories specifiedINFO: [IP_Flow 19-2313] Loaded Vivado IP repository 'C:/Vivado/Vivado/2024.2/data/ip'.
open_project: Time (s): cpu = 00:00:28 ; elapsed = 00:00:19 . Memory (MB): peak = 1145.242 ; gain = 44.738
update_compile_order -fileset sources_1
WARNING: [filemgmt 56-199] Attempt to get parsing info during refresh. "On-the-fly" syntax checking information may be incorrect. [C:\Vivado_projects\Vivado\tb_trafficlight.v:]
WARNING: [filemgmt 56-199] Attempt to get parsing info during refresh. "On-the-fly" syntax checking information may be incorrect. [C:\Vivado_projects\Vivado\trafficlight_controller.v:]
WARNING: [filemgmt 56-199] Attempt to get parsing info during refresh. "On-the-fly" syntax checking information may be incorrect. [C:\Vivado_projects\Vivado\tb_trafficlight.v:]
WARNING: [filemgmt 56-199] Attempt to get parsing info during refresh. "On-the-fly" syntax checking information may be incorrect. [C:\Vivado_projects\Vivado\tb_trafficlight.v:]
launch_simulation
Command: launch_simulation 
INFO: [Vivado 12-12493] Simulation top is 'tb_trafficlight'
WARNING: [Vivado 12-13340] Unable to auto find GCC executables from simulator install path! (path not set)
INFO: [Vivado 12-5682] Launching behavioral simulation in 'C:/Vivado_projects/Vivado/Traffic_light_controller/Traffic_light_controller.sim/sim_1/behav/xsim'
INFO: [SIM-utils-51] Simulation object is 'sim_1'
INFO: [SIM-utils-72] Using boost library from 'C:/Vivado/Vivado/2024.2/tps/boost_1_72_0'
ERROR: [Common 17-180] Spawn failed: No error
ERROR: [Common 17-39] 'get_xpm_libraries' failed due to earlier errors.

    while executing
"rdi::get_xpm_libraries"
    (procedure "xcs_get_xpm_libraries" line 14)
    invoked from within
"xcs_get_xpm_libraries"
    (procedure "usf_xsim_setup_simulation" line 50)
    invoked from within
"usf_xsim_setup_simulation"
    (procedure "tclapp::xilinx::xsim::setup" line 29)
    invoked from within
"tclapp::xilinx::xsim::setup { -simset sim_1 -mode behavioral -run_dir C:/Vivado_projects/Vivado/Traffic_light_controller/Traffic_light_controller.sim/..."
ERROR: [Vivado 12-4473] Detected error while running simulation. Please correct the issue and retry this operation.
ERROR: [Common 17-39] 'launch_simulation' failed due to earlier errors.
launch_simulation
Command: launch_simulation 
INFO: [Vivado 12-12493] Simulation top is 'tb_trafficlight'
WARNING: [Vivado 12-13340] Unable to auto find GCC executables from simulator install path! (path not set)
INFO: [Vivado 12-5682] Launching behavioral simulation in 'C:/Vivado_projects/Vivado/Traffic_light_controller/Traffic_light_controller.sim/sim_1/behav/xsim'
INFO: [SIM-utils-51] Simulation object is 'sim_1'
INFO: [SIM-utils-72] Using boost library from 'C:/Vivado/Vivado/2024.2/tps/boost_1_72_0'
INFO: [SIM-utils-54] Inspecting design source files for 'tb_trafficlight' in fileset 'sim_1'...
INFO: [USF-XSim-97] Finding global include files...
INFO: [USF-XSim-98] Fetching design files from 'sim_1'...
INFO: [USF-XSim-2] XSim::Compile design
INFO: [USF-XSim-61] Executing 'COMPILE and ANALYZE' step in 'C:/Vivado_projects/Vivado/Traffic_light_controller/Traffic_light_controller.sim/sim_1/behav/xsim'
"xvlog --incr --relax -prj tb_trafficlight_vlog.prj"
INFO: [VRFC 10-2263] Analyzing Verilog file "C:/Vivado_projects/Vivado/trafficlight_controller.v" into library xil_defaultlib
INFO: [VRFC 10-311] analyzing module trafficlight_controller
INFO: [VRFC 10-2263] Analyzing Verilog file "C:/Vivado_projects/Vivado/tb_trafficlight.v" into library xil_defaultlib
INFO: [VRFC 10-311] analyzing module tb_trafficlight
INFO: [VRFC 10-2263] Analyzing Verilog file "C:/Vivado_projects/Vivado/Traffic_light_controller/Traffic_light_controller.sim/sim_1/behav/xsim/glbl.v" into library xil_defaultlib
INFO: [VRFC 10-311] analyzing module glbl
INFO: [USF-XSim-69] 'compile' step finished in '3' seconds
INFO: [USF-XSim-3] XSim::Elaborate design
INFO: [USF-XSim-61] Executing 'ELABORATE' step in 'C:/Vivado_projects/Vivado/Traffic_light_controller/Traffic_light_controller.sim/sim_1/behav/xsim'
"xelab --incr --debug typical --relax --mt 2 -L xil_defaultlib -L unisims_ver -L unimacro_ver -L secureip --snapshot tb_trafficlight_behav xil_defaultlib.tb_trafficlight xil_defaultlib.glbl -log elaborate.log"
Vivado Simulator v2024.2.0
Copyright 1986-2022 Xilinx, Inc. All Rights Reserved.
Copyright 2022-2024 Advanced Micro Devices, Inc. All Rights Reserved.
Running: C:/Vivado/Vivado/2024.2/bin/unwrapped/win64.o/xelab.exe --incr --debug typical --relax --mt 2 -L xil_defaultlib -L unisims_ver -L unimacro_ver -L secureip --snapshot tb_trafficlight_behav xil_defaultlib.tb_trafficlight xil_defaultlib.glbl -log elaborate.log 
Using 2 slave threads.
Starting static elaboration
Pass Through NonSizing Optimizer
Completed static elaboration
Starting simulation data flow analysis
Completed simulation data flow analysis
Time Resolution for simulation is 1ps
Compiling module xil_defaultlib.trafficlight_controller
Compiling module xil_defaultlib.tb_trafficlight
Compiling module xil_defaultlib.glbl
Built simulation snapshot tb_trafficlight_behav
INFO: [USF-XSim-69] 'elaborate' step finished in '4' seconds
INFO: [USF-XSim-4] XSim::Simulate design
INFO: [USF-XSim-61] Executing 'SIMULATE' step in 'C:/Vivado_projects/Vivado/Traffic_light_controller/Traffic_light_controller.sim/sim_1/behav/xsim'
INFO: [USF-XSim-98] *** Running xsim
   with args "tb_trafficlight_behav -key {Behavioral:sim_1:Functional:tb_trafficlight} -tclbatch {tb_trafficlight.tcl} -log {simulate.log}"
INFO: [USF-XSim-8] Loading simulator feature
Time resolution is 1 ps
source tb_trafficlight.tcl
# set curr_wave [current_wave_config]
# if { [string length $curr_wave] == 0 } {
#   if { [llength [get_objects]] > 0} {
#     add_wave /
#     set_property needs_save false [current_wave_config]
#   } else {
#      send_msg_id Add_Wave-1 WARNING "No top level signals found. Simulator will start without a wave window. If you want to open a wave window go to 'File->New Waveform Configuration' or type 'create_wave_config' in the TCL console."
#   }
# }
# run 1000ns
INFO: [USF-XSim-96] XSim completed. Design snapshot 'tb_trafficlight_behav' loaded.
INFO: [USF-XSim-97] XSim simulation ran for 1000ns
launch_simulation: Time (s): cpu = 00:00:04 ; elapsed = 00:00:10 . Memory (MB): peak = 1207.004 ; gain = 15.547
close_sim
INFO: [Simtcl 6-16] Simulation closed
exit
INFO: [Common 17-206] Exiting Vivado at Sat Jul 19 22:11:40 2025...
